<?xml version="1.0" encoding="UTF-8"?>
<testng-results ignored="0" total="1" passed="1" failed="0" skipped="0">
  <reporter-output>
  </reporter-output>
  <suite started-at="2020-01-21T22:41:28Z" name="Default suite" finished-at="2020-01-21T22:41:40Z" duration-ms="12399">
    <groups>
    </groups>
    <test started-at="2020-01-21T22:41:28Z" name="Default test" finished-at="2020-01-21T22:41:40Z" duration-ms="12399">
      <class name="com.example.tests.FacebookLogin">
        <test-method is-config="true" signature="setUp()[pri:0, instance:com.example.tests.FacebookLogin@105fece7]" started-at="2020-01-21T22:41:28Z" name="setUp" finished-at="2020-01-21T22:41:29Z" duration-ms="1081" status="PASS">
          <reporter-output>
          </reporter-output>
        </test-method> <!-- setUp -->
        <test-method signature="testFacebookLogin()[pri:0, instance:com.example.tests.FacebookLogin@105fece7]" started-at="2020-01-21T22:41:29Z" name="testFacebookLogin" finished-at="2020-01-21T22:41:40Z" duration-ms="11237" status="PASS">
          <reporter-output>
          </reporter-output>
        </test-method> <!-- testFacebookLogin -->
        <test-method is-config="true" signature="tearDown()[pri:0, instance:com.example.tests.FacebookLogin@105fece7]" started-at="2020-01-21T22:41:40Z" name="tearDown" finished-at="2020-01-21T22:41:40Z" duration-ms="71" status="PASS">
          <reporter-output>
          </reporter-output>
        </test-method> <!-- tearDown -->
      </class> <!-- com.example.tests.FacebookLogin -->
    </test> <!-- Default test -->
  </suite> <!-- Default suite -->
</testng-results>
